[0.105s] DEBUG:colcon:Command line arguments: ['/usr/bin/colcon', 'list', '-p', '--base-paths', '/home/jblevins32/PPO2']
[0.105s] DEBUG:colcon:Parsed command line arguments: Namespace(log_base=None, log_level=None, verb_name='list', build_base='build', ignore_user_meta=False, metas=['./colcon.meta'], base_paths=['/home/jblevins32/PPO2'], packages_ignore=None, packages_ignore_regex=None, paths=None, packages_up_to=None, packages_up_to_regex=None, packages_above=None, packages_above_and_dependencies=None, packages_above_depth=None, packages_select_by_dep=None, packages_skip_by_dep=None, packages_skip_up_to=None, packages_select_build_failed=False, packages_skip_build_finished=False, packages_select_test_failures=False, packages_skip_test_passed=False, packages_select=None, packages_skip=None, packages_select_regex=None, packages_skip_regex=None, packages_start=None, packages_end=None, allow_overriding=[], topological_order=False, names_only=False, paths_only=True, topological_graph=False, topological_graph_dot=False, topological_graph_density=False, topological_graph_legend=False, topological_graph_dot_cluster=False, topological_graph_dot_include_skipped=False, verb_parser=<colcon_defaults.argument_parser.defaults.DefaultArgumentsDecorator object at 0x7a356ae3e4a0>, verb_extension=<colcon_package_information.verb.list.ListVerb object at 0x7a356af52800>, main=<bound method ListVerb.main of <colcon_package_information.verb.list.ListVerb object at 0x7a356af52800>>)
[0.320s] Level 1:colcon.colcon_core.package_discovery:discover_packages(colcon_meta) check parameters
[0.320s] Level 1:colcon.colcon_core.package_discovery:discover_packages(recursive) check parameters
[0.321s] Level 1:colcon.colcon_core.package_discovery:discover_packages(ignore) check parameters
[0.321s] Level 1:colcon.colcon_core.package_discovery:discover_packages(path) check parameters
[0.321s] Level 1:colcon.colcon_core.package_discovery:discover_packages(recursive) discover
[0.321s] INFO:colcon.colcon_core.package_discovery:Crawling recursively for packages in '/home/jblevins32/PPO2'
[0.321s] Level 1:colcon.colcon_core.package_identification:_identify(/home/jblevins32/PPO2) by extensions ['ignore', 'ignore_ament_install']
[0.321s] Level 1:colcon.colcon_core.package_identification:_identify(/home/jblevins32/PPO2) by extension 'ignore'
[0.321s] Level 1:colcon.colcon_core.package_identification:_identify(/home/jblevins32/PPO2) by extension 'ignore_ament_install'
[0.321s] Level 1:colcon.colcon_core.package_identification:_identify(/home/jblevins32/PPO2) by extensions ['colcon_pkg']
[0.321s] Level 1:colcon.colcon_core.package_identification:_identify(/home/jblevins32/PPO2) by extension 'colcon_pkg'
[0.321s] Level 1:colcon.colcon_core.package_identification:_identify(/home/jblevins32/PPO2) by extensions ['colcon_meta']
[0.321s] Level 1:colcon.colcon_core.package_identification:_identify(/home/jblevins32/PPO2) by extension 'colcon_meta'
[0.322s] Level 1:colcon.colcon_core.package_identification:_identify(/home/jblevins32/PPO2) by extensions ['ros']
[0.322s] Level 1:colcon.colcon_core.package_identification:_identify(/home/jblevins32/PPO2) by extension 'ros'
[0.348s] Level 1:colcon.colcon_core.package_identification:_identify(/home/jblevins32/PPO2) by extensions ['cmake', 'python']
[0.348s] Level 1:colcon.colcon_core.package_identification:_identify(/home/jblevins32/PPO2) by extension 'cmake'
[0.348s] Level 1:colcon.colcon_core.package_identification:_identify(/home/jblevins32/PPO2) by extension 'python'
[0.348s] Level 1:colcon.colcon_core.package_identification:_identify(/home/jblevins32/PPO2) by extensions ['python_setup_py']
[0.348s] Level 1:colcon.colcon_core.package_identification:_identify(/home/jblevins32/PPO2) by extension 'python_setup_py'
[0.348s] Level 1:colcon.colcon_core.package_identification:_identify(/home/jblevins32/PPO2/build) by extensions ['ignore', 'ignore_ament_install']
[0.349s] Level 1:colcon.colcon_core.package_identification:_identify(/home/jblevins32/PPO2/build) by extension 'ignore'
[0.349s] Level 1:colcon.colcon_core.package_identification:_identify(/home/jblevins32/PPO2/build) ignored
[0.349s] Level 1:colcon.colcon_core.package_identification:_identify(/home/jblevins32/PPO2/install) by extensions ['ignore', 'ignore_ament_install']
[0.349s] Level 1:colcon.colcon_core.package_identification:_identify(/home/jblevins32/PPO2/install) by extension 'ignore'
[0.349s] Level 1:colcon.colcon_core.package_identification:_identify(/home/jblevins32/PPO2/install) ignored
[0.349s] Level 1:colcon.colcon_core.package_identification:_identify(/home/jblevins32/PPO2/log) by extensions ['ignore', 'ignore_ament_install']
[0.349s] Level 1:colcon.colcon_core.package_identification:_identify(/home/jblevins32/PPO2/log) by extension 'ignore'
[0.349s] Level 1:colcon.colcon_core.package_identification:_identify(/home/jblevins32/PPO2/log) ignored
[0.350s] Level 1:colcon.colcon_core.package_identification:_identify(/home/jblevins32/PPO2/src) by extensions ['ignore', 'ignore_ament_install']
[0.350s] Level 1:colcon.colcon_core.package_identification:_identify(/home/jblevins32/PPO2/src) by extension 'ignore'
[0.350s] Level 1:colcon.colcon_core.package_identification:_identify(/home/jblevins32/PPO2/src) by extension 'ignore_ament_install'
[0.350s] Level 1:colcon.colcon_core.package_identification:_identify(/home/jblevins32/PPO2/src) by extensions ['colcon_pkg']
[0.350s] Level 1:colcon.colcon_core.package_identification:_identify(/home/jblevins32/PPO2/src) by extension 'colcon_pkg'
[0.350s] Level 1:colcon.colcon_core.package_identification:_identify(/home/jblevins32/PPO2/src) by extensions ['colcon_meta']
[0.350s] Level 1:colcon.colcon_core.package_identification:_identify(/home/jblevins32/PPO2/src) by extension 'colcon_meta'
[0.350s] Level 1:colcon.colcon_core.package_identification:_identify(/home/jblevins32/PPO2/src) by extensions ['ros']
[0.350s] Level 1:colcon.colcon_core.package_identification:_identify(/home/jblevins32/PPO2/src) by extension 'ros'
[0.355s] DEBUG:colcon.colcon_core.package_identification:Package '/home/jblevins32/PPO2/src' with type 'ros.ament_python' and name 'turtlebot3_ppo'
[0.356s] Level 1:colcon.colcon_core.package_identification:_identify(/home/jblevins32/PPO2/turtlebot3_ppo) by extensions ['ignore', 'ignore_ament_install']
[0.356s] Level 1:colcon.colcon_core.package_identification:_identify(/home/jblevins32/PPO2/turtlebot3_ppo) by extension 'ignore'
[0.356s] Level 1:colcon.colcon_core.package_identification:_identify(/home/jblevins32/PPO2/turtlebot3_ppo) by extension 'ignore_ament_install'
[0.356s] Level 1:colcon.colcon_core.package_identification:_identify(/home/jblevins32/PPO2/turtlebot3_ppo) by extensions ['colcon_pkg']
[0.356s] Level 1:colcon.colcon_core.package_identification:_identify(/home/jblevins32/PPO2/turtlebot3_ppo) by extension 'colcon_pkg'
[0.356s] Level 1:colcon.colcon_core.package_identification:_identify(/home/jblevins32/PPO2/turtlebot3_ppo) by extensions ['colcon_meta']
[0.356s] Level 1:colcon.colcon_core.package_identification:_identify(/home/jblevins32/PPO2/turtlebot3_ppo) by extension 'colcon_meta'
[0.356s] Level 1:colcon.colcon_core.package_identification:_identify(/home/jblevins32/PPO2/turtlebot3_ppo) by extensions ['ros']
[0.356s] Level 1:colcon.colcon_core.package_identification:_identify(/home/jblevins32/PPO2/turtlebot3_ppo) by extension 'ros'
[0.356s] Level 1:colcon.colcon_core.package_identification:_identify(/home/jblevins32/PPO2/turtlebot3_ppo) by extensions ['cmake', 'python']
[0.356s] Level 1:colcon.colcon_core.package_identification:_identify(/home/jblevins32/PPO2/turtlebot3_ppo) by extension 'cmake'
[0.356s] Level 1:colcon.colcon_core.package_identification:_identify(/home/jblevins32/PPO2/turtlebot3_ppo) by extension 'python'
[0.356s] Level 1:colcon.colcon_core.package_identification:_identify(/home/jblevins32/PPO2/turtlebot3_ppo) by extensions ['python_setup_py']
[0.356s] Level 1:colcon.colcon_core.package_identification:_identify(/home/jblevins32/PPO2/turtlebot3_ppo) by extension 'python_setup_py'
[0.357s] Level 1:colcon.colcon_core.package_identification:_identify(/home/jblevins32/PPO2/turtlebot3_ppo/turtlebot3_ppo) by extensions ['ignore', 'ignore_ament_install']
[0.357s] Level 1:colcon.colcon_core.package_identification:_identify(/home/jblevins32/PPO2/turtlebot3_ppo/turtlebot3_ppo) by extension 'ignore'
[0.357s] Level 1:colcon.colcon_core.package_identification:_identify(/home/jblevins32/PPO2/turtlebot3_ppo/turtlebot3_ppo) by extension 'ignore_ament_install'
[0.357s] Level 1:colcon.colcon_core.package_identification:_identify(/home/jblevins32/PPO2/turtlebot3_ppo/turtlebot3_ppo) by extensions ['colcon_pkg']
[0.357s] Level 1:colcon.colcon_core.package_identification:_identify(/home/jblevins32/PPO2/turtlebot3_ppo/turtlebot3_ppo) by extension 'colcon_pkg'
[0.357s] Level 1:colcon.colcon_core.package_identification:_identify(/home/jblevins32/PPO2/turtlebot3_ppo/turtlebot3_ppo) by extensions ['colcon_meta']
[0.357s] Level 1:colcon.colcon_core.package_identification:_identify(/home/jblevins32/PPO2/turtlebot3_ppo/turtlebot3_ppo) by extension 'colcon_meta'
[0.357s] Level 1:colcon.colcon_core.package_identification:_identify(/home/jblevins32/PPO2/turtlebot3_ppo/turtlebot3_ppo) by extensions ['ros']
[0.357s] Level 1:colcon.colcon_core.package_identification:_identify(/home/jblevins32/PPO2/turtlebot3_ppo/turtlebot3_ppo) by extension 'ros'
[0.357s] Level 1:colcon.colcon_core.package_identification:_identify(/home/jblevins32/PPO2/turtlebot3_ppo/turtlebot3_ppo) by extensions ['cmake', 'python']
[0.357s] Level 1:colcon.colcon_core.package_identification:_identify(/home/jblevins32/PPO2/turtlebot3_ppo/turtlebot3_ppo) by extension 'cmake'
[0.357s] Level 1:colcon.colcon_core.package_identification:_identify(/home/jblevins32/PPO2/turtlebot3_ppo/turtlebot3_ppo) by extension 'python'
[0.357s] Level 1:colcon.colcon_core.package_identification:_identify(/home/jblevins32/PPO2/turtlebot3_ppo/turtlebot3_ppo) by extensions ['python_setup_py']
[0.357s] Level 1:colcon.colcon_core.package_identification:_identify(/home/jblevins32/PPO2/turtlebot3_ppo/turtlebot3_ppo) by extension 'python_setup_py'
[0.357s] Level 1:colcon.colcon_core.package_discovery:discover_packages(recursive) using defaults
