[0.020s] Invoking command in '/home/jblevins32/PPO2/build/turtlebot3_gazebo': CMAKE_PREFIX_PATH=${CMAKE_PREFIX_PATH}:/opt/ros/humble /usr/bin/cmake /home/jblevins32/PPO2/turtlebot3_ppo/turtlebot3_simulations/turtlebot3_gazebo -DCMAKE_INSTALL_PREFIX=/home/jblevins32/PPO2/install/turtlebot3_gazebo
[0.121s] -- The C compiler identification is GNU 11.4.0
[0.207s] -- The CXX compiler identification is GNU 11.4.0
[0.217s] -- Detecting C compiler ABI info
[0.301s] -- Detecting C compiler ABI info - done
[0.307s] -- Check for working C compiler: /usr/bin/cc - skipped
[0.308s] -- Detecting C compile features
[0.308s] -- Detecting C compile features - done
[0.312s] -- Detecting CXX compiler ABI info
[0.435s] -- Detecting CXX compiler ABI info - done
[0.444s] -- Check for working CXX compiler: /usr/bin/c++ - skipped
[0.444s] -- Detecting CXX compile features
[0.445s] -- Detecting CXX compile features - done
[0.452s] -- Found ament_cmake: 1.3.9 (/opt/ros/humble/share/ament_cmake/cmake)
[0.615s] -- Found Python3: /usr/bin/python3 (found version "3.10.12") found components: Interpreter 
[0.736s] [33mCMake Warning (dev) at /usr/share/cmake-3.22/Modules/FindPackageHandleStandardArgs.cmake:438 (message):
[0.736s]   The package name passed to `find_package_handle_standard_args` (PkgConfig)
[0.736s]   does not match the name of the calling package (gazebo).  This can lead to
[0.736s]   problems in calling code that expects `find_package` result variables
[0.736s]   (e.g., `_FOUND`) to follow a certain pattern.
[0.736s] Call Stack (most recent call first):
[0.736s]   /usr/share/cmake-3.22/Modules/FindPkgConfig.cmake:99 (find_package_handle_standard_args)
[0.736s]   /usr/lib/x86_64-linux-gnu/cmake/gazebo/gazebo-config.cmake:72 (include)
[0.736s]   CMakeLists.txt:23 (find_package)
[0.736s] This warning is for project developers.  Use -Wno-dev to suppress it.
[0.736s] [0m
[0.736s] -- Found PkgConfig: /usr/bin/pkg-config (found version "0.29.2") 
[0.740s] -- Checking for module 'bullet>=2.82'
[0.763s] --   Found bullet, version 3.05
[0.936s] -- Found fcl: /usr/include (found suitable version "0.7.0", minimum required is "0.5.0") 
[1.013s] -- Found assimp: /usr/include (found version "5.2.0") 
[1.038s] -- Found DART: /usr/include (Required is at least version "6.6") found components: dart 
[1.251s] -- Found Boost: /usr/lib/x86_64-linux-gnu/cmake/Boost-1.74.0/BoostConfig.cmake (found suitable version "1.74.0", minimum required is "1.40.0") found components: thread system filesystem program_options regex iostreams date_time 
[1.273s] -- Found Protobuf: /usr/lib/x86_64-linux-gnu/libprotobuf.so (found version "3.12.4") 
[1.280s] -- Looking for ignition-math6 -- found version 6.15.1
[1.289s] -- Searching for dependencies of ignition-math6
[1.291s] -- Looking for OGRE...
[1.291s] -- OGRE_PREFIX_WATCH changed.
[1.298s] -- Checking for module 'OGRE'
[1.316s] --   Found OGRE, version 1.9.0
[1.371s] -- Found Ogre Ghadamon (1.9.0)
[1.383s] -- Found OGRE: optimized;/usr/lib/x86_64-linux-gnu/libOgreMain.so;debug;/usr/lib/x86_64-linux-gnu/libOgreMain.so
[1.391s] -- Looking for OGRE_Paging...
[1.396s] -- Found OGRE_Paging: optimized;/usr/lib/x86_64-linux-gnu/libOgrePaging.so;debug;/usr/lib/x86_64-linux-gnu/libOgrePaging.so
[1.397s] -- Looking for OGRE_Terrain...
[1.403s] -- Found OGRE_Terrain: optimized;/usr/lib/x86_64-linux-gnu/libOgreTerrain.so;debug;/usr/lib/x86_64-linux-gnu/libOgreTerrain.so
[1.403s] -- Looking for OGRE_Property...
[1.409s] -- Found OGRE_Property: optimized;/usr/lib/x86_64-linux-gnu/libOgreProperty.so;debug;/usr/lib/x86_64-linux-gnu/libOgreProperty.so
[1.410s] -- Looking for OGRE_RTShaderSystem...
[1.416s] -- Found OGRE_RTShaderSystem: optimized;/usr/lib/x86_64-linux-gnu/libOgreRTShaderSystem.so;debug;/usr/lib/x86_64-linux-gnu/libOgreRTShaderSystem.so
[1.416s] -- Looking for OGRE_Volume...
[1.426s] -- Found OGRE_Volume: optimized;/usr/lib/x86_64-linux-gnu/libOgreVolume.so;debug;/usr/lib/x86_64-linux-gnu/libOgreVolume.so
[1.426s] -- Looking for OGRE_Overlay...
[1.436s] -- Found OGRE_Overlay: optimized;/usr/lib/x86_64-linux-gnu/libOgreOverlay.so;debug;/usr/lib/x86_64-linux-gnu/libOgreOverlay.so
[1.571s] -- Looking for ignition-math6 -- found version 6.15.1
[1.575s] -- Looking for ignition-transport8 -- found version 8.2.1
[1.575s] -- Searching for dependencies of ignition-transport8
[1.597s] -- Found Protobuf: /usr/lib/x86_64-linux-gnu/libprotobuf.so (found suitable version "3.12.4", minimum required is "3") 
[1.611s] -- Config-file not installed for ZeroMQ -- checking for pkg-config
[1.617s] -- Checking for module 'libzmq >= 4'
[1.638s] --   Found libzmq , version 4.3.4
[1.696s] -- Found ZeroMQ: TRUE (Required is at least version "4") 
[1.703s] -- Checking for module 'uuid'
[1.726s] --   Found uuid, version 2.37.2
[1.782s] -- Found UUID: TRUE  
[1.785s] -- Looking for ignition-msgs5 -- found version 5.8.1
[1.785s] -- Searching for dependencies of ignition-msgs5
[1.809s] -- Looking for ignition-math6 -- found version 6.15.1
[1.814s] -- Checking for module 'tinyxml2'
[1.837s] --   Found tinyxml2, version 9.0.0
[1.896s] -- Looking for ignition-msgs5 -- found version 5.8.1
[1.900s] -- Looking for ignition-common3 -- found version 3.14.0
[1.900s] -- Searching for dependencies of ignition-common3
[1.900s] -- Looking for dlfcn.h - found
[1.901s] -- Looking for libdl - found
[1.903s] -- Found DL: TRUE  
[1.919s] -- Found tinyobjloader: /usr/lib/x86_64-linux-gnu/cmake/tinyobjloader/tinyobjloader-config.cmake (found version "2.0.0") 
[1.919s] -- Searching for <ignition-common3> component [graphics]
[1.923s] -- Looking for ignition-common3-graphics -- found version 3.14.0
[1.923s] -- Searching for dependencies of ignition-common3-graphics
[1.923s] -- Looking for ignition-math6 -- found version 6.15.1
[1.928s] -- Looking for ignition-fuel_tools4 -- found version 4.4.0
[1.928s] -- Searching for dependencies of ignition-fuel_tools4
[2.046s] -- Found CURL: /usr/lib/x86_64-linux-gnu/libcurl.so (found version "7.81.0")  
[2.057s] -- Checking for module 'jsoncpp'
[2.079s] --   Found jsoncpp, version 1.9.5
[2.137s] -- Found JSONCPP: TRUE  
[2.146s] -- Checking for module 'libzip'
[2.166s] --   Found libzip, version 1.7.3
[2.222s] -- Found ZIP: TRUE  
[2.222s] -- Looking for ignition-common3 -- found version 3.14.0
[2.223s] -- Looking for ignition-math6 -- found version 6.15.1
[2.223s] -- Looking for ignition-msgs5 -- found version 5.8.1
[2.230s] -- Found gazebo_ros_pkgs: 3.7.0 (/opt/ros/humble/share/gazebo_ros_pkgs/cmake)
[2.234s] -- Found geometry_msgs: 4.2.4 (/opt/ros/humble/share/geometry_msgs/cmake)
[2.268s] -- Found rosidl_generator_c: 3.1.5 (/opt/ros/humble/share/rosidl_generator_c/cmake)
[2.274s] -- Found rosidl_adapter: 3.1.5 (/opt/ros/humble/share/rosidl_adapter/cmake)
[2.284s] -- Found rosidl_generator_cpp: 3.1.5 (/opt/ros/humble/share/rosidl_generator_cpp/cmake)
[2.298s] -- Using all available rosidl_typesupport_c: rosidl_typesupport_fastrtps_c;rosidl_typesupport_introspection_c
[2.319s] -- Using all available rosidl_typesupport_cpp: rosidl_typesupport_fastrtps_cpp;rosidl_typesupport_introspection_cpp
[2.427s] -- Found nav_msgs: 4.2.4 (/opt/ros/humble/share/nav_msgs/cmake)
[2.504s] -- Found rclcpp: 16.0.9 (/opt/ros/humble/share/rclcpp/cmake)
[2.562s] -- Found rmw_implementation_cmake: 6.1.2 (/opt/ros/humble/share/rmw_implementation_cmake/cmake)
[2.565s] -- Found rmw_fastrtps_cpp: 6.2.6 (/opt/ros/humble/share/rmw_fastrtps_cpp/cmake)
[2.706s] -- Found OpenSSL: /usr/lib/x86_64-linux-gnu/libcrypto.so (found version "3.0.2")  
[2.736s] -- Found FastRTPS: /opt/ros/humble/include  
[2.798s] -- Using RMW implementation 'rmw_fastrtps_cpp' as default
[2.812s] -- Found Threads: TRUE  
[2.945s] -- Found sensor_msgs: 4.2.4 (/opt/ros/humble/share/sensor_msgs/cmake)
[3.028s] -- Found tf2: 0.25.7 (/opt/ros/humble/share/tf2/cmake)
[3.110s] -- Configuring done
[3.151s] -- Generating done
[3.153s] -- Build files have been written to: /home/jblevins32/PPO2/build/turtlebot3_gazebo
