running egg_info
creating ../build/turtlebot3_ppo/turtlebot3_ppo.egg-info
writing ../build/turtlebot3_ppo/turtlebot3_ppo.egg-info/PKG-INFO
writing dependency_links to ../build/turtlebot3_ppo/turtlebot3_ppo.egg-info/dependency_links.txt
writing entry points to ../build/turtlebot3_ppo/turtlebot3_ppo.egg-info/entry_points.txt
writing requirements to ../build/turtlebot3_ppo/turtlebot3_ppo.egg-info/requires.txt
writing top-level names to ../build/turtlebot3_ppo/turtlebot3_ppo.egg-info/top_level.txt
writing manifest file '../build/turtlebot3_ppo/turtlebot3_ppo.egg-info/SOURCES.txt'
reading manifest file '../build/turtlebot3_ppo/turtlebot3_ppo.egg-info/SOURCES.txt'
writing manifest file '../build/turtlebot3_ppo/turtlebot3_ppo.egg-info/SOURCES.txt'
running build
running build_py
creating /home/jblevins32/PPO2/build/turtlebot3_ppo/build
creating /home/jblevins32/PPO2/build/turtlebot3_ppo/build/lib
creating /home/jblevins32/PPO2/build/turtlebot3_ppo/build/lib/turtlebot3_ppo
copying turtlebot3_ppo/turtlebot3_env.py -> /home/jblevins32/PPO2/build/turtlebot3_ppo/build/lib/turtlebot3_ppo
copying turtlebot3_ppo/train.py -> /home/jblevins32/PPO2/build/turtlebot3_ppo/build/lib/turtlebot3_ppo
copying turtlebot3_ppo/__init__.py -> /home/jblevins32/PPO2/build/turtlebot3_ppo/build/lib/turtlebot3_ppo
copying turtlebot3_ppo/deploy.py -> /home/jblevins32/PPO2/build/turtlebot3_ppo/build/lib/turtlebot3_ppo
copying turtlebot3_ppo/ppo_agent.py -> /home/jblevins32/PPO2/build/turtlebot3_ppo/build/lib/turtlebot3_ppo
running install
running install_lib
creating /home/jblevins32/PPO2/install/turtlebot3_ppo/lib/python3.10/site-packages/turtlebot3_ppo
copying /home/jblevins32/PPO2/build/turtlebot3_ppo/build/lib/turtlebot3_ppo/turtlebot3_env.py -> /home/jblevins32/PPO2/install/turtlebot3_ppo/lib/python3.10/site-packages/turtlebot3_ppo
copying /home/jblevins32/PPO2/build/turtlebot3_ppo/build/lib/turtlebot3_ppo/train.py -> /home/jblevins32/PPO2/install/turtlebot3_ppo/lib/python3.10/site-packages/turtlebot3_ppo
copying /home/jblevins32/PPO2/build/turtlebot3_ppo/build/lib/turtlebot3_ppo/__init__.py -> /home/jblevins32/PPO2/install/turtlebot3_ppo/lib/python3.10/site-packages/turtlebot3_ppo
copying /home/jblevins32/PPO2/build/turtlebot3_ppo/build/lib/turtlebot3_ppo/deploy.py -> /home/jblevins32/PPO2/install/turtlebot3_ppo/lib/python3.10/site-packages/turtlebot3_ppo
copying /home/jblevins32/PPO2/build/turtlebot3_ppo/build/lib/turtlebot3_ppo/ppo_agent.py -> /home/jblevins32/PPO2/install/turtlebot3_ppo/lib/python3.10/site-packages/turtlebot3_ppo
byte-compiling /home/jblevins32/PPO2/install/turtlebot3_ppo/lib/python3.10/site-packages/turtlebot3_ppo/turtlebot3_env.py to turtlebot3_env.cpython-310.pyc
byte-compiling /home/jblevins32/PPO2/install/turtlebot3_ppo/lib/python3.10/site-packages/turtlebot3_ppo/train.py to train.cpython-310.pyc
byte-compiling /home/jblevins32/PPO2/install/turtlebot3_ppo/lib/python3.10/site-packages/turtlebot3_ppo/__init__.py to __init__.cpython-310.pyc
byte-compiling /home/jblevins32/PPO2/install/turtlebot3_ppo/lib/python3.10/site-packages/turtlebot3_ppo/deploy.py to deploy.cpython-310.pyc
byte-compiling /home/jblevins32/PPO2/install/turtlebot3_ppo/lib/python3.10/site-packages/turtlebot3_ppo/ppo_agent.py to ppo_agent.cpython-310.pyc
running install_data
creating /home/jblevins32/PPO2/install/turtlebot3_ppo/share/ament_index
creating /home/jblevins32/PPO2/install/turtlebot3_ppo/share/ament_index/resource_index
creating /home/jblevins32/PPO2/install/turtlebot3_ppo/share/ament_index/resource_index/packages
copying resource/turtlebot3_ppo -> /home/jblevins32/PPO2/install/turtlebot3_ppo/share/ament_index/resource_index/packages
copying package.xml -> /home/jblevins32/PPO2/install/turtlebot3_ppo/share/turtlebot3_ppo
running install_egg_info
Copying ../build/turtlebot3_ppo/turtlebot3_ppo.egg-info to /home/jblevins32/PPO2/install/turtlebot3_ppo/lib/python3.10/site-packages/turtlebot3_ppo-0.0.0-py3.10.egg-info
running install_scripts
Installing deploy script to /home/jblevins32/PPO2/install/turtlebot3_ppo/lib/turtlebot3_ppo
Installing train script to /home/jblevins32/PPO2/install/turtlebot3_ppo/lib/turtlebot3_ppo
Installing turtlebot3_env script to /home/jblevins32/PPO2/install/turtlebot3_ppo/lib/turtlebot3_ppo
writing list of installed files to '/home/jblevins32/PPO2/build/turtlebot3_ppo/install.log'
