[0.082s] DEBUG:colcon:Command line arguments: ['/usr/bin/colcon', 'build']
[0.082s] DEBUG:colcon:Parsed command line arguments: Namespace(log_base=None, log_level=None, verb_name='build', build_base='build', install_base='install', merge_install=False, symlink_install=False, test_result_base=None, continue_on_error=False, executor='parallel', parallel_workers=16, event_handlers=None, ignore_user_meta=False, metas=['./colcon.meta'], base_paths=['.'], packages_ignore=None, packages_ignore_regex=None, paths=None, packages_up_to=None, packages_up_to_regex=None, packages_above=None, packages_above_and_dependencies=None, packages_above_depth=None, packages_select_by_dep=None, packages_skip_by_dep=None, packages_skip_up_to=None, packages_select_build_failed=False, packages_skip_build_finished=False, packages_select_test_failures=False, packages_skip_test_passed=False, packages_select=None, packages_skip=None, packages_select_regex=None, packages_skip_regex=None, packages_start=None, packages_end=None, allow_overriding=[], cmake_args=None, cmake_target=None, cmake_target_skip_unavailable=False, cmake_clean_cache=False, cmake_clean_first=False, cmake_force_configure=False, ament_cmake_args=None, catkin_cmake_args=None, catkin_skip_building_tests=False, verb_parser=<colcon_defaults.argument_parser.defaults.DefaultArgumentsDecorator object at 0x7ef47a049150>, verb_extension=<colcon_core.verb.build.BuildVerb object at 0x7ef47a155de0>, main=<bound method BuildVerb.main of <colcon_core.verb.build.BuildVerb object at 0x7ef47a155de0>>)
[0.215s] Level 1:colcon.colcon_core.package_discovery:discover_packages(colcon_meta) check parameters
[0.215s] Level 1:colcon.colcon_core.package_discovery:discover_packages(recursive) check parameters
[0.215s] Level 1:colcon.colcon_core.package_discovery:discover_packages(ignore) check parameters
[0.215s] Level 1:colcon.colcon_core.package_discovery:discover_packages(path) check parameters
[0.215s] Level 1:colcon.colcon_core.package_discovery:discover_packages(colcon_meta) discover
[0.215s] Level 1:colcon.colcon_core.package_discovery:discover_packages(recursive) discover
[0.215s] INFO:colcon.colcon_core.package_discovery:Crawling recursively for packages in '/home/jblevins32/PPO2'
[0.216s] Level 1:colcon.colcon_core.package_identification:_identify(.) by extensions ['ignore', 'ignore_ament_install']
[0.216s] Level 1:colcon.colcon_core.package_identification:_identify(.) by extension 'ignore'
[0.216s] Level 1:colcon.colcon_core.package_identification:_identify(.) by extension 'ignore_ament_install'
[0.216s] Level 1:colcon.colcon_core.package_identification:_identify(.) by extensions ['colcon_pkg']
[0.216s] Level 1:colcon.colcon_core.package_identification:_identify(.) by extension 'colcon_pkg'
[0.216s] Level 1:colcon.colcon_core.package_identification:_identify(.) by extensions ['colcon_meta']
[0.216s] Level 1:colcon.colcon_core.package_identification:_identify(.) by extension 'colcon_meta'
[0.216s] Level 1:colcon.colcon_core.package_identification:_identify(.) by extensions ['ros']
[0.216s] Level 1:colcon.colcon_core.package_identification:_identify(.) by extension 'ros'
[0.225s] Level 1:colcon.colcon_core.package_identification:_identify(.) by extensions ['cmake', 'python']
[0.225s] Level 1:colcon.colcon_core.package_identification:_identify(.) by extension 'cmake'
[0.225s] Level 1:colcon.colcon_core.package_identification:_identify(.) by extension 'python'
[0.225s] Level 1:colcon.colcon_core.package_identification:_identify(.) by extensions ['python_setup_py']
[0.225s] Level 1:colcon.colcon_core.package_identification:_identify(.) by extension 'python_setup_py'
[0.225s] Level 1:colcon.colcon_core.package_identification:_identify(build) by extensions ['ignore', 'ignore_ament_install']
[0.225s] Level 1:colcon.colcon_core.package_identification:_identify(build) by extension 'ignore'
[0.225s] Level 1:colcon.colcon_core.package_identification:_identify(build) ignored
[0.225s] Level 1:colcon.colcon_core.package_identification:_identify(install) by extensions ['ignore', 'ignore_ament_install']
[0.225s] Level 1:colcon.colcon_core.package_identification:_identify(install) by extension 'ignore'
[0.225s] Level 1:colcon.colcon_core.package_identification:_identify(install) ignored
[0.225s] Level 1:colcon.colcon_core.package_identification:_identify(log) by extensions ['ignore', 'ignore_ament_install']
[0.226s] Level 1:colcon.colcon_core.package_identification:_identify(log) by extension 'ignore'
[0.226s] Level 1:colcon.colcon_core.package_identification:_identify(log) ignored
[0.226s] Level 1:colcon.colcon_core.package_identification:_identify(src) by extensions ['ignore', 'ignore_ament_install']
[0.226s] Level 1:colcon.colcon_core.package_identification:_identify(src) by extension 'ignore'
[0.226s] Level 1:colcon.colcon_core.package_identification:_identify(src) by extension 'ignore_ament_install'
[0.226s] Level 1:colcon.colcon_core.package_identification:_identify(src) by extensions ['colcon_pkg']
[0.226s] Level 1:colcon.colcon_core.package_identification:_identify(src) by extension 'colcon_pkg'
[0.226s] Level 1:colcon.colcon_core.package_identification:_identify(src) by extensions ['colcon_meta']
[0.226s] Level 1:colcon.colcon_core.package_identification:_identify(src) by extension 'colcon_meta'
[0.226s] Level 1:colcon.colcon_core.package_identification:_identify(src) by extensions ['ros']
[0.226s] Level 1:colcon.colcon_core.package_identification:_identify(src) by extension 'ros'
[0.228s] DEBUG:colcon.colcon_core.package_identification:Package 'src' with type 'ros.ament_python' and name 'turtlebot3_ppo'
[0.228s] Level 1:colcon.colcon_core.package_identification:_identify(turtlebot3_ppo) by extensions ['ignore', 'ignore_ament_install']
[0.228s] Level 1:colcon.colcon_core.package_identification:_identify(turtlebot3_ppo) by extension 'ignore'
[0.228s] Level 1:colcon.colcon_core.package_identification:_identify(turtlebot3_ppo) by extension 'ignore_ament_install'
[0.228s] Level 1:colcon.colcon_core.package_identification:_identify(turtlebot3_ppo) by extensions ['colcon_pkg']
[0.228s] Level 1:colcon.colcon_core.package_identification:_identify(turtlebot3_ppo) by extension 'colcon_pkg'
[0.228s] Level 1:colcon.colcon_core.package_identification:_identify(turtlebot3_ppo) by extensions ['colcon_meta']
[0.228s] Level 1:colcon.colcon_core.package_identification:_identify(turtlebot3_ppo) by extension 'colcon_meta'
[0.228s] Level 1:colcon.colcon_core.package_identification:_identify(turtlebot3_ppo) by extensions ['ros']
[0.228s] Level 1:colcon.colcon_core.package_identification:_identify(turtlebot3_ppo) by extension 'ros'
[0.228s] Level 1:colcon.colcon_core.package_identification:_identify(turtlebot3_ppo) by extensions ['cmake', 'python']
[0.228s] Level 1:colcon.colcon_core.package_identification:_identify(turtlebot3_ppo) by extension 'cmake'
[0.228s] Level 1:colcon.colcon_core.package_identification:_identify(turtlebot3_ppo) by extension 'python'
[0.228s] Level 1:colcon.colcon_core.package_identification:_identify(turtlebot3_ppo) by extensions ['python_setup_py']
[0.229s] Level 1:colcon.colcon_core.package_identification:_identify(turtlebot3_ppo) by extension 'python_setup_py'
[0.229s] Level 1:colcon.colcon_core.package_identification:_identify(turtlebot3_ppo/turtlebot3_ppo) by extensions ['ignore', 'ignore_ament_install']
[0.229s] Level 1:colcon.colcon_core.package_identification:_identify(turtlebot3_ppo/turtlebot3_ppo) by extension 'ignore'
[0.229s] Level 1:colcon.colcon_core.package_identification:_identify(turtlebot3_ppo/turtlebot3_ppo) by extension 'ignore_ament_install'
[0.229s] Level 1:colcon.colcon_core.package_identification:_identify(turtlebot3_ppo/turtlebot3_ppo) by extensions ['colcon_pkg']
[0.229s] Level 1:colcon.colcon_core.package_identification:_identify(turtlebot3_ppo/turtlebot3_ppo) by extension 'colcon_pkg'
[0.229s] Level 1:colcon.colcon_core.package_identification:_identify(turtlebot3_ppo/turtlebot3_ppo) by extensions ['colcon_meta']
[0.229s] Level 1:colcon.colcon_core.package_identification:_identify(turtlebot3_ppo/turtlebot3_ppo) by extension 'colcon_meta'
[0.229s] Level 1:colcon.colcon_core.package_identification:_identify(turtlebot3_ppo/turtlebot3_ppo) by extensions ['ros']
[0.229s] Level 1:colcon.colcon_core.package_identification:_identify(turtlebot3_ppo/turtlebot3_ppo) by extension 'ros'
[0.229s] Level 1:colcon.colcon_core.package_identification:_identify(turtlebot3_ppo/turtlebot3_ppo) by extensions ['cmake', 'python']
[0.229s] Level 1:colcon.colcon_core.package_identification:_identify(turtlebot3_ppo/turtlebot3_ppo) by extension 'cmake'
[0.229s] Level 1:colcon.colcon_core.package_identification:_identify(turtlebot3_ppo/turtlebot3_ppo) by extension 'python'
[0.229s] Level 1:colcon.colcon_core.package_identification:_identify(turtlebot3_ppo/turtlebot3_ppo) by extensions ['python_setup_py']
[0.229s] Level 1:colcon.colcon_core.package_identification:_identify(turtlebot3_ppo/turtlebot3_ppo) by extension 'python_setup_py'
[0.229s] Level 1:colcon.colcon_core.package_discovery:discover_packages(recursive) using defaults
[0.229s] Level 1:colcon.colcon_core.package_discovery:discover_packages(ignore) discover
[0.229s] Level 1:colcon.colcon_core.package_discovery:discover_packages(ignore) using defaults
[0.229s] Level 1:colcon.colcon_core.package_discovery:discover_packages(path) discover
[0.229s] Level 1:colcon.colcon_core.package_discovery:discover_packages(path) using defaults
[0.244s] Level 1:colcon.colcon_core.package_discovery:discover_packages(prefix_path) check parameters
[0.244s] Level 1:colcon.colcon_core.package_discovery:discover_packages(prefix_path) discover
[0.247s] DEBUG:colcon.colcon_installed_package_information.package_discovery:Found 390 installed packages in /opt/ros/humble
[0.262s] Level 1:colcon.colcon_core.package_discovery:discover_packages(prefix_path) using defaults
[0.299s] Level 5:colcon.colcon_core.verb:set package 'turtlebot3_ppo' build argument 'cmake_args' from command line to 'None'
[0.299s] Level 5:colcon.colcon_core.verb:set package 'turtlebot3_ppo' build argument 'cmake_target' from command line to 'None'
[0.299s] Level 5:colcon.colcon_core.verb:set package 'turtlebot3_ppo' build argument 'cmake_target_skip_unavailable' from command line to 'False'
[0.299s] Level 5:colcon.colcon_core.verb:set package 'turtlebot3_ppo' build argument 'cmake_clean_cache' from command line to 'False'
[0.299s] Level 5:colcon.colcon_core.verb:set package 'turtlebot3_ppo' build argument 'cmake_clean_first' from command line to 'False'
[0.299s] Level 5:colcon.colcon_core.verb:set package 'turtlebot3_ppo' build argument 'cmake_force_configure' from command line to 'False'
[0.299s] Level 5:colcon.colcon_core.verb:set package 'turtlebot3_ppo' build argument 'ament_cmake_args' from command line to 'None'
[0.299s] Level 5:colcon.colcon_core.verb:set package 'turtlebot3_ppo' build argument 'catkin_cmake_args' from command line to 'None'
[0.299s] Level 5:colcon.colcon_core.verb:set package 'turtlebot3_ppo' build argument 'catkin_skip_building_tests' from command line to 'False'
[0.299s] DEBUG:colcon.colcon_core.verb:Building package 'turtlebot3_ppo' with the following arguments: {'ament_cmake_args': None, 'build_base': '/home/jblevins32/PPO2/build/turtlebot3_ppo', 'catkin_cmake_args': None, 'catkin_skip_building_tests': False, 'cmake_args': None, 'cmake_clean_cache': False, 'cmake_clean_first': False, 'cmake_force_configure': False, 'cmake_target': None, 'cmake_target_skip_unavailable': False, 'install_base': '/home/jblevins32/PPO2/install/turtlebot3_ppo', 'merge_install': False, 'path': '/home/jblevins32/PPO2/src', 'symlink_install': False, 'test_result_base': None}
[0.300s] INFO:colcon.colcon_core.executor:Executing jobs using 'parallel' executor
[0.301s] DEBUG:colcon.colcon_parallel_executor.executor.parallel:run_until_complete
[0.301s] INFO:colcon.colcon_ros.task.ament_python.build:Building ROS package in '/home/jblevins32/PPO2/src' with build type 'ament_python'
[0.301s] Level 1:colcon.colcon_core.shell:create_environment_hook('turtlebot3_ppo', 'ament_prefix_path')
[0.304s] INFO:colcon.colcon_core.plugin_system:Skipping extension 'colcon_core.shell.bat': Not used on non-Windows systems
[0.304s] INFO:colcon.colcon_core.shell:Creating environment hook '/home/jblevins32/PPO2/install/turtlebot3_ppo/share/turtlebot3_ppo/hook/ament_prefix_path.ps1'
[0.304s] INFO:colcon.colcon_core.shell:Creating environment descriptor '/home/jblevins32/PPO2/install/turtlebot3_ppo/share/turtlebot3_ppo/hook/ament_prefix_path.dsv'
[0.305s] INFO:colcon.colcon_core.shell:Creating environment hook '/home/jblevins32/PPO2/install/turtlebot3_ppo/share/turtlebot3_ppo/hook/ament_prefix_path.sh'
[0.305s] INFO:colcon.colcon_core.shell:Skip shell extension 'powershell' for command environment: Not usable outside of PowerShell
[0.305s] DEBUG:colcon.colcon_core.shell:Skip shell extension 'dsv' for command environment
[0.522s] INFO:colcon.colcon_core.task.python.build:Building Python package in '/home/jblevins32/PPO2/src'
[0.522s] INFO:colcon.colcon_core.shell:Skip shell extension 'powershell' for command environment: Not usable outside of PowerShell
[0.522s] DEBUG:colcon.colcon_core.shell:Skip shell extension 'dsv' for command environment
[0.829s] DEBUG:colcon.colcon_core.event_handler.log_command:Invoking command in '/home/jblevins32/PPO2/src': CONDA_PROMPT_MODIFIER=(base) PYTHONPATH=/home/jblevins32/PPO2/build/turtlebot3_ppo/prefix_override:/usr/lib/python3/dist-packages/colcon_core/task/python/colcon_distutils_commands:/home/jblevins32/PPO2/install/turtlebot3_ppo/lib/python3.10/site-packages:${PYTHONPATH} /usr/bin/python3 -W ignore:setup.py install is deprecated setup.py egg_info --egg-base ../build/turtlebot3_ppo build --build-base /home/jblevins32/PPO2/build/turtlebot3_ppo/build install --record /home/jblevins32/PPO2/build/turtlebot3_ppo/install.log --single-version-externally-managed install_data
[1.074s] DEBUG:colcon.colcon_core.event_handler.log_command:Invoked command in '/home/jblevins32/PPO2/src' returned '0': CONDA_PROMPT_MODIFIER=(base) PYTHONPATH=/home/jblevins32/PPO2/build/turtlebot3_ppo/prefix_override:/usr/lib/python3/dist-packages/colcon_core/task/python/colcon_distutils_commands:/home/jblevins32/PPO2/install/turtlebot3_ppo/lib/python3.10/site-packages:${PYTHONPATH} /usr/bin/python3 -W ignore:setup.py install is deprecated setup.py egg_info --egg-base ../build/turtlebot3_ppo build --build-base /home/jblevins32/PPO2/build/turtlebot3_ppo/build install --record /home/jblevins32/PPO2/build/turtlebot3_ppo/install.log --single-version-externally-managed install_data
[1.076s] Level 1:colcon.colcon_core.environment:checking '/home/jblevins32/PPO2/install/turtlebot3_ppo' for CMake module files
[1.076s] Level 1:colcon.colcon_core.environment:checking '/home/jblevins32/PPO2/install/turtlebot3_ppo' for CMake config files
[1.077s] Level 1:colcon.colcon_core.environment:checking '/home/jblevins32/PPO2/install/turtlebot3_ppo/lib'
[1.077s] Level 1:colcon.colcon_core.environment:checking '/home/jblevins32/PPO2/install/turtlebot3_ppo/bin'
[1.077s] Level 1:colcon.colcon_core.environment:checking '/home/jblevins32/PPO2/install/turtlebot3_ppo/lib/pkgconfig/turtlebot3_ppo.pc'
[1.077s] Level 1:colcon.colcon_core.environment:checking '/home/jblevins32/PPO2/install/turtlebot3_ppo/lib/python3.10/site-packages'
[1.077s] Level 1:colcon.colcon_core.shell:create_environment_hook('turtlebot3_ppo', 'pythonpath')
[1.077s] INFO:colcon.colcon_core.shell:Creating environment hook '/home/jblevins32/PPO2/install/turtlebot3_ppo/share/turtlebot3_ppo/hook/pythonpath.ps1'
[1.078s] INFO:colcon.colcon_core.shell:Creating environment descriptor '/home/jblevins32/PPO2/install/turtlebot3_ppo/share/turtlebot3_ppo/hook/pythonpath.dsv'
[1.078s] INFO:colcon.colcon_core.shell:Creating environment hook '/home/jblevins32/PPO2/install/turtlebot3_ppo/share/turtlebot3_ppo/hook/pythonpath.sh'
[1.078s] Level 1:colcon.colcon_core.environment:checking '/home/jblevins32/PPO2/install/turtlebot3_ppo/bin'
[1.078s] Level 1:colcon.colcon_core.environment:create_environment_scripts_only(turtlebot3_ppo)
[1.079s] INFO:colcon.colcon_core.shell:Creating package script '/home/jblevins32/PPO2/install/turtlebot3_ppo/share/turtlebot3_ppo/package.ps1'
[1.079s] INFO:colcon.colcon_core.shell:Creating package descriptor '/home/jblevins32/PPO2/install/turtlebot3_ppo/share/turtlebot3_ppo/package.dsv'
[1.080s] INFO:colcon.colcon_core.shell:Creating package script '/home/jblevins32/PPO2/install/turtlebot3_ppo/share/turtlebot3_ppo/package.sh'
[1.080s] INFO:colcon.colcon_core.shell:Creating package script '/home/jblevins32/PPO2/install/turtlebot3_ppo/share/turtlebot3_ppo/package.bash'
[1.081s] INFO:colcon.colcon_core.shell:Creating package script '/home/jblevins32/PPO2/install/turtlebot3_ppo/share/turtlebot3_ppo/package.zsh'
[1.081s] Level 1:colcon.colcon_core.environment:create_file_with_runtime_dependencies(/home/jblevins32/PPO2/install/turtlebot3_ppo/share/colcon-core/packages/turtlebot3_ppo)
[1.081s] DEBUG:colcon.colcon_parallel_executor.executor.parallel:closing loop
[1.082s] DEBUG:colcon.colcon_parallel_executor.executor.parallel:loop closed
[1.082s] DEBUG:colcon.colcon_parallel_executor.executor.parallel:run_until_complete finished with '0'
[1.082s] DEBUG:colcon.colcon_core.event_reactor:joining thread
[1.087s] INFO:colcon.colcon_core.plugin_system:Skipping extension 'colcon_notification.desktop_notification.terminal_notifier': Not used on non-Darwin systems
[1.087s] INFO:colcon.colcon_core.plugin_system:Skipping extension 'colcon_notification.desktop_notification.win32': Not used on non-Windows systems
[1.087s] INFO:colcon.colcon_notification.desktop_notification:Sending desktop notification using 'notify2'
[1.098s] DEBUG:colcon.colcon_core.event_reactor:joined thread
[1.098s] INFO:colcon.colcon_core.shell:Creating prefix script '/home/jblevins32/PPO2/install/local_setup.ps1'
[1.099s] INFO:colcon.colcon_core.shell:Creating prefix util module '/home/jblevins32/PPO2/install/_local_setup_util_ps1.py'
[1.101s] INFO:colcon.colcon_core.shell:Creating prefix chain script '/home/jblevins32/PPO2/install/setup.ps1'
[1.102s] INFO:colcon.colcon_core.shell:Creating prefix script '/home/jblevins32/PPO2/install/local_setup.sh'
[1.102s] INFO:colcon.colcon_core.shell:Creating prefix util module '/home/jblevins32/PPO2/install/_local_setup_util_sh.py'
[1.103s] INFO:colcon.colcon_core.shell:Creating prefix chain script '/home/jblevins32/PPO2/install/setup.sh'
[1.104s] INFO:colcon.colcon_core.shell:Creating prefix script '/home/jblevins32/PPO2/install/local_setup.bash'
[1.104s] INFO:colcon.colcon_core.shell:Creating prefix chain script '/home/jblevins32/PPO2/install/setup.bash'
[1.104s] INFO:colcon.colcon_core.shell:Creating prefix script '/home/jblevins32/PPO2/install/local_setup.zsh'
[1.105s] INFO:colcon.colcon_core.shell:Creating prefix chain script '/home/jblevins32/PPO2/install/setup.zsh'
