[0.586s] Invoking command in '/home/jblevins32/PPO2/turtlebot3_ppo': PYTHONPATH=/home/jblevins32/PPO2/build/turtlebot3_ppo/prefix_override:/usr/lib/python3/dist-packages/colcon_core/task/python/colcon_distutils_commands:/home/jblevins32/PPO2/install/turtlebot3_ppo/lib/python3.10/site-packages:${PYTHONPATH} /usr/bin/python3 -W ignore:setup.py install is deprecated setup.py egg_info --egg-base ../build/turtlebot3_ppo build --build-base /home/jblevins32/PPO2/build/turtlebot3_ppo/build install --record /home/jblevins32/PPO2/build/turtlebot3_ppo/install.log --single-version-externally-managed install_data
[0.790s] running egg_info
[0.791s] writing ../build/turtlebot3_ppo/turtlebot3_ppo.egg-info/PKG-INFO
[0.791s] writing dependency_links to ../build/turtlebot3_ppo/turtlebot3_ppo.egg-info/dependency_links.txt
[0.791s] writing entry points to ../build/turtlebot3_ppo/turtlebot3_ppo.egg-info/entry_points.txt
[0.792s] writing requirements to ../build/turtlebot3_ppo/turtlebot3_ppo.egg-info/requires.txt
[0.792s] writing top-level names to ../build/turtlebot3_ppo/turtlebot3_ppo.egg-info/top_level.txt
[0.794s] reading manifest file '../build/turtlebot3_ppo/turtlebot3_ppo.egg-info/SOURCES.txt'
[0.795s] writing manifest file '../build/turtlebot3_ppo/turtlebot3_ppo.egg-info/SOURCES.txt'
[0.796s] running build
[0.796s] running build_py
[0.796s] copying turtlebot3_ppo/train.py -> /home/jblevins32/PPO2/build/turtlebot3_ppo/build/lib/turtlebot3_ppo
[0.796s] running install
[0.796s] running install_lib
[0.797s] copying /home/jblevins32/PPO2/build/turtlebot3_ppo/build/lib/turtlebot3_ppo/train.py -> /home/jblevins32/PPO2/install/turtlebot3_ppo/lib/python3.10/site-packages/turtlebot3_ppo
[0.798s] byte-compiling /home/jblevins32/PPO2/install/turtlebot3_ppo/lib/python3.10/site-packages/turtlebot3_ppo/train.py to train.cpython-310.pyc
[0.799s] running install_data
[0.799s] running install_egg_info
[0.801s] removing '/home/jblevins32/PPO2/install/turtlebot3_ppo/lib/python3.10/site-packages/turtlebot3_ppo-0.0.0-py3.10.egg-info' (and everything under it)
[0.802s] Copying ../build/turtlebot3_ppo/turtlebot3_ppo.egg-info to /home/jblevins32/PPO2/install/turtlebot3_ppo/lib/python3.10/site-packages/turtlebot3_ppo-0.0.0-py3.10.egg-info
[0.802s] running install_scripts
[0.820s] Installing deploy script to /home/jblevins32/PPO2/install/turtlebot3_ppo/lib/turtlebot3_ppo
[0.820s] Installing train script to /home/jblevins32/PPO2/install/turtlebot3_ppo/lib/turtlebot3_ppo
[0.820s] Installing turtlebot3_env script to /home/jblevins32/PPO2/install/turtlebot3_ppo/lib/turtlebot3_ppo
[0.820s] writing list of installed files to '/home/jblevins32/PPO2/build/turtlebot3_ppo/install.log'
[0.857s] Invoked command in '/home/jblevins32/PPO2/turtlebot3_ppo' returned '0': PYTHONPATH=/home/jblevins32/PPO2/build/turtlebot3_ppo/prefix_override:/usr/lib/python3/dist-packages/colcon_core/task/python/colcon_distutils_commands:/home/jblevins32/PPO2/install/turtlebot3_ppo/lib/python3.10/site-packages:${PYTHONPATH} /usr/bin/python3 -W ignore:setup.py install is deprecated setup.py egg_info --egg-base ../build/turtlebot3_ppo build --build-base /home/jblevins32/PPO2/build/turtlebot3_ppo/build install --record /home/jblevins32/PPO2/build/turtlebot3_ppo/install.log --single-version-externally-managed install_data
